150
117
118
143
114
119
4
63
91
135
24
27
126
146
7
95
51
55
183
190
106
103
87
184
49
170
152
107
65
165
148
120
1
141
88
77
182
111
31
86
76
193
52
113
72
89
79
8
173
22
123
21
160
163
180
159
161
156
20
41
121
9
78
157
179
96
44
37
45
125
56
144
84
174
132
3
169
14
196
93
28
23
35
54
6
80
171
39
97
176
198
61
131
186
83
199
140
177
82
46
69
19
59
200
137
181
64
128
68
50
73
11
34
191
58
16
13
139
194
26
67
154
142
17
178
47
175
53
189
98
195
124
12
136
33
43
85
38
71
168
129
158
42
36
192
105
48
164
75
110
145
104
122
92
2
99
18
185
29
147
94
66
138
133
166
197
112
134
188
81
116
155
74
100
187
108
32
30
5
127
60
153
10
172
57
167
62
162
101
109
115
15
130
149
40
151
102
70
25
90
