115
82
153
132
187
152
196
46
143
90
175
40
148
54
134
177
48
16
130
107
184
169
70
1
155
63
98
139
136
110
64
27
174
128
186
84
166
195
142
189
194
4
86
164
66
32
7
179
60
49
93
176
102
133
36
156
52
124
135
17
71
72
118
159
8
57
137
151
13
24
28
199
100
111
10
5
81
173
23
97
162
15
59
69
200
12
160
192
125
3
109
14
29
158
193
80
161
18
42
21
38
34
67
55
44
122
190
149
96
39
85
103
172
79
68
35
154
191
20
131
61
188
45
30
99
178
120
144
53
126
31
56
163
26
138
147
19
106
50
198
25
65
88
145
168
