1
3
2
6
7
4
5
8
10
9
34
37
11
38
36
35
39
41
117
116
110
42
114
112
40
113
111
109
115
118
173
200
199
120
175
174
122
119
178
121
179
123
176
14
12
15
177
13
16
17
18
22
19
20
23
24
21
25
43
45
50
48
56
57
49
47
46
55
53
44
27
54
59
52
58
51
26
31
29
32
28
30
33
60
183
125
124
131
182
61
191
130
181
132
68
133
143
128
188
135
63
137
190
70
127
136
62
148
142
64
194
151
139
152
186
138
196
145
65
66
147
67
126
69
80
77
72
81
185
86
180
87
84
129
187
146
197
78
91
76
144
71
192
93
97
74
85
141
75
83
149
193
189
184
79
92
82
89
134
90
195
98
99
102
94
140
150
88
101
100
106
96
95
104
105
103
107
155
157
153
160
159
166
171
73
162
161
170
158
163
154
169
156
165
198
167
172
164
168
108
