2
5
13
10
25
1
11
3
7
20
41
6
36
38
42
28
12
8
15
95
65
53
19
14
16
18
17
23
26
21
22
24
33
30
97
40
48
27
29
31
168
34
35
44
43
37
52
47
46
45
49
50
54
51
58
55
57
56
64
172
61
63
74
67
62
66
68
70
77
69
71
72
73
82
99
84
75
76
78
80
81
90
109
89
86
83
93
88
87
94
96
92
91
136
102
106
103
100
119
125
162
105
101
104
108
139
111
122
107
118
120
114
110
112
124
116
115
113
133
137
121
123
135
128
129
165
127
126
132
130
131
143
141
147
138
134
149
151
146
142
144
148
145
152
157
153
154
150
156
159
158
155
160
161
140
117
163
98
60
