188
110
142
71
198
181
143
197
74
151
87
81
55
186
115
177
132
169
145
182
97
199
140
117
76
113
51
130
146
126
72
123
167
60
66
187
200
119
100
133
98
105
175
144
68
92
149
195
164
170
73
180
154
129
93
107
185
173
174
112
127
156
162
91
61
54
128
184
196
67
108
84
168
85
189
157
104
190
80
192
118
57
116
165
141
96
63
114
48
166
160
103
111
94
78
161
172
83
102
65
88
47
46
171
135
153
152
150
148
109
95
194
56
183
79
90
176
49
178
64
191
138
45
159
136
59
70
163
86
99
52
158
77
53
125
89
193
69
122
44
139
43
15
82
134
58
26
75
121
106
34
12
50
18
131
3
37
124
101
10
30
14
62
19
42
1
35
17
31
8
137
5
6
147
22
33
7
36
20
24
41
13
11
16
4
2
27
40
25
28
23
9
39
155
29
32
179
21
38
120
